<?xml version="1.0" encoding="UTF-8"?>
<!-- Generated by org.testng.reporters.JUnitXMLReporter -->
<testsuite ignored="0" hostname="BINTERNS-QA34L" failures="1" tests="1" name="Default test(failed)" time="2.351" errors="0" timestamp="2023-04-03T17:39:30 IST">
  <testcase classname="orangehrmTest.Testdata" name="Visiblity" time="2.323">
    <failure type="java.lang.AssertionError" message="expected [OrangeHRM] but found [OrangeHRM HR Software | Free &amp;amp; Open Source HR Software | HRMS | HRIS | OrangeHRM]">
      <![CDATA[java.lang.AssertionError: expected [OrangeHRM] but found [OrangeHRM HR Software | Free & Open Source HR Software | HRMS | HRIS | OrangeHRM]
at orangehrmTest.Testdata.Visiblity(Testdata.java:29)
at java.base/java.util.ArrayList.forEach(ArrayList.java:1511)
... Removed 33 stack frames]]>
    </failure>
  </testcase> <!-- Visiblity -->
</testsuite> <!-- Default test(failed) -->
