<?xml version="1.0" encoding="UTF-8"?>
<testng-results ignored="0" total="1" passed="1" failed="0" skipped="0">
  <reporter-output>
  </reporter-output>
  <suite started-at="2023-05-01T16:18:23 IST" name="Default suite" finished-at="2023-05-01T16:18:23 IST" duration-ms="465">
    <groups>
    </groups>
    <test started-at="2023-05-01T16:18:23 IST" name="Default test" finished-at="2023-05-01T16:18:23 IST" duration-ms="465">
      <class name="orangehrmTest.Testdata">
        <test-method is-config="true" signature="Launch()[pri:0, instance:orangehrmTest.Testdata@673fdbce]" started-at="2023-05-01T16:18:14 IST" name="Launch" finished-at="2023-05-01T16:18:23 IST" duration-ms="8480" status="PASS">
          <reporter-output>
          </reporter-output>
        </test-method> <!-- Launch -->
        <test-method signature="Visiblity()[pri:0, instance:orangehrmTest.Testdata@673fdbce]" started-at="2023-05-01T16:18:23 IST" name="Visiblity" finished-at="2023-05-01T16:18:23 IST" duration-ms="415" status="PASS">
          <reporter-output>
          </reporter-output>
        </test-method> <!-- Visiblity -->
        <test-method is-config="true" signature="Forclose()[pri:0, instance:orangehrmTest.Testdata@673fdbce]" started-at="2023-05-01T16:18:23 IST" name="Forclose" finished-at="2023-05-01T16:18:24 IST" duration-ms="195" status="PASS">
          <reporter-output>
          </reporter-output>
        </test-method> <!-- Forclose -->
      </class> <!-- orangehrmTest.Testdata -->
    </test> <!-- Default test -->
  </suite> <!-- Default suite -->
</testng-results>
